------- FILE stan2600.asm LEVEL 1 PASS 3
      1  fffe					      processor	6502
      2  10000 ????
      3  10000 ????						;;;;;;;;;;;;;;;;;;;;;;;;;;;;;;;;;;;;;;;;;;;a;;;;;;;;;;;;;;;;;;;;;;;;;;;;;;;;;;;;
      4  10000 ????						;; Include required files with VCS register memory mapping and macros
      5  10000 ????						;;;;;;;;;;;;;;;;;;;;;;;;;;;;;;;;;;;;;;;;;;;;;;;;;;;;;;;;;;;;;;;;;;;;;;;;;;;;;;;
------- FILE vcs.h LEVEL 2 PASS 3
      0  10000 ????				       include	"vcs.h"
      1  10000 ????						; VCS.H
      2  10000 ????						; Version 1.05, 13/November/2003
      3  10000 ????
      4  10000 ????		00 69	    VERSION_VCS =	105
      5  10000 ????
      6  10000 ????						; THIS IS A PRELIMINARY RELEASE OF *THE* "STANDARD" VCS.H
      7  10000 ????						; THIS FILE IS EXPLICITLY SUPPORTED AS A DASM-PREFERRED COMPANION FILE
      8  10000 ????						; PLEASE DO *NOT* REDISTRIBUTE THIS FILE!
      9  10000 ????						;
     10  10000 ????						; This file defines hardware registers and memory mapping for the
     11  10000 ????						; Atari 2600. It is distributed as a companion machine-specific support package
     12  10000 ????						; for the DASM compiler. Updates to this file, DASM, and associated tools are
     13  10000 ????						; available at at http://www.atari2600.org/dasm
     14  10000 ????						;
     15  10000 ????						; Many thanks to the original author(s) of this file, and to everyone who has
     16  10000 ????						; contributed to understanding the Atari 2600.  If you take issue with the
     17  10000 ????						; contents, or naming of registers, please write to me (atari2600@taswegian.com)
     18  10000 ????						; with your views.  Please contribute, if you think you can improve this
     19  10000 ????						; file!
     20  10000 ????						;
     21  10000 ????						; Latest Revisions...
     22  10000 ????						; 1.05  13/NOV/2003	  - Correction to 1.04 - now functions as requested by MR.
     23  10000 ????						;			  - Added VERSION_VCS equate (which will reflect 100x version #)
     24  10000 ????						;			    This will allow conditional code to verify VCS.H being
     25  10000 ????						;			    used for code assembly.
     26  10000 ????						; 1.04  12/NOV/2003	 Added TIA_BASE_WRITE_ADDRESS and TIA_BASE_READ_ADDRESS for
     27  10000 ????						;			 convenient disassembly/reassembly compatibility for hardware
     28  10000 ????						;			 mirrored reading/writing differences.	This is more a
     29  10000 ????						;			 readability issue, and binary compatibility with disassembled
     30  10000 ????						;			 and reassembled sources.  Per Manuel Rotschkar's suggestion.
     31  10000 ????						; 1.03  12/MAY/2003	 Added SEG segment at end of file to fix old-code compatibility
     32  10000 ????						;			 which was broken by the use of segments in this file, as
     33  10000 ????						;			 reported by Manuel Polik on [stella] 11/MAY/2003
     34  10000 ????						; 1.02  22/MAR/2003	 Added TIMINT($285)
     35  10000 ????						; 1.01				Constant offset added to allow use for 3F-style bankswitching
     36  10000 ????						;						 - define TIA_BASE_ADDRESS as $40 for Tigervision carts, otherwise
     37  10000 ????						;						   it is safe to leave it undefined, and the base address will
     38  10000 ????						;						   be set to 0.  Thanks to Eckhard Stolberg for the suggestion.
     39  10000 ????						;			    Note, may use -DLABEL=EXPRESSION to define TIA_BASE_ADDRESS
     40  10000 ????						;			  - register definitions are now generated through assignment
     41  10000 ????						;			    in uninitialised segments.	This allows a changeable base
     42  10000 ????						;			    address architecture.
     43  10000 ????						; 1.0	22/MAR/2003		Initial release
     44  10000 ????
     45  10000 ????
     46  10000 ????						;-------------------------------------------------------------------------------
     47  10000 ????
     48  10000 ????						; TIA_BASE_ADDRESS
     49  10000 ????						; The TIA_BASE_ADDRESS defines the base address of access to TIA registers.
     50  10000 ????						; Normally 0, the base address should (externally, before including this file)
     51  10000 ????						; be set to $40 when creating 3F-bankswitched (and other?) cartridges.
     52  10000 ????						; The reason is that this bankswitching scheme treats any access to locations
     53  10000 ????						; < $40 as a bankswitch.
     54  10000 ????
     55  10000 ????			   -	       IFNCONST	TIA_BASE_ADDRESS
     56  10000 ????			   -TIA_BASE_ADDRESS =	0
     57  10000 ????				       ENDIF
     58  10000 ????
     59  10000 ????						; Note: The address may be defined on the command-line using the -D switch, eg:
     60  10000 ????						; dasm.exe code.asm -DTIA_BASE_ADDRESS=$40 -f3 -v5 -ocode.bin
     61  10000 ????						; *OR* by declaring the label before including this file, eg:
     62  10000 ????						; TIA_BASE_ADDRESS = $40
     63  10000 ????						;   include "vcs.h"
     64  10000 ????
     65  10000 ????						; Alternate read/write address capability - allows for some disassembly compatibility
     66  10000 ????						; usage ; to allow reassembly to binary perfect copies).  This is essentially catering
     67  10000 ????						; for the mirrored ROM hardware registers.
     68  10000 ????
     69  10000 ????						; Usage: As per above, define the TIA_BASE_READ_ADDRESS and/or TIA_BASE_WRITE_ADDRESS
     70  10000 ????						; using the -D command-line switch, as required.  If the addresses are not defined,
     71  10000 ????						; they defaut to the TIA_BASE_ADDRESS.
     72  10000 ????
     73  10000 ????			   -	       IFNCONST	TIA_BASE_READ_ADDRESS
     74  10000 ????			   -TIA_BASE_READ_ADDRESS =	TIA_BASE_ADDRESS
     75  10000 ????				       ENDIF
     76  10000 ????
     77  10000 ????			   -	       IFNCONST	TIA_BASE_WRITE_ADDRESS
     78  10000 ????			   -TIA_BASE_WRITE_ADDRESS =	TIA_BASE_ADDRESS
     79  10000 ????				       ENDIF
     80  10000 ????
     81  10000 ????						;-------------------------------------------------------------------------------
     82  10000 ????
     83 U002d ????				      SEG.U	TIA_REGISTERS_WRITE
     84 U0000					      ORG	TIA_BASE_WRITE_ADDRESS
     85 U0000
     86 U0000							; DO NOT CHANGE THE RELATIVE ORDERING OF REGISTERS!
     87 U0000
     88 U0000		       00	   VSYNC      ds	1	; $00	 0000 00x0   Vertical Sync Set-Clear
     89 U0001		       00	   VBLANK     ds	1	; $01	 xx00 00x0   Vertical Blank Set-Clear
     90 U0002		       00	   WSYNC      ds	1	; $02	 ---- ----   Wait for Horizontal Blank
     91 U0003		       00	   RSYNC      ds	1	; $03	 ---- ----   Reset Horizontal Sync Counter
     92 U0004		       00	   NUSIZ0     ds	1	; $04	 00xx 0xxx   Number-Size player/missle 0
     93 U0005		       00	   NUSIZ1     ds	1	; $05	 00xx 0xxx   Number-Size player/missle 1
     94 U0006		       00	   COLUP0     ds	1	; $06	 xxxx xxx0   Color-Luminance Player 0
     95 U0007		       00	   COLUP1     ds	1	; $07	 xxxx xxx0   Color-Luminance Player 1
     96 U0008		       00	   COLUPF     ds	1	; $08	 xxxx xxx0   Color-Luminance Playfield
     97 U0009		       00	   COLUBK     ds	1	; $09	 xxxx xxx0   Color-Luminance Background
     98 U000a		       00	   CTRLPF     ds	1	; $0A	 00xx 0xxx   Control Playfield, Ball, Collisions
     99 U000b		       00	   REFP0      ds	1	; $0B	 0000 x000   Reflection Player 0
    100 U000c		       00	   REFP1      ds	1	; $0C	 0000 x000   Reflection Player 1
    101 U000d		       00	   PF0	      ds	1	; $0D	 xxxx 0000   Playfield Register Byte 0
    102 U000e		       00	   PF1	      ds	1	; $0E	 xxxx xxxx   Playfield Register Byte 1
    103 U000f		       00	   PF2	      ds	1	; $0F	 xxxx xxxx   Playfield Register Byte 2
    104 U0010		       00	   RESP0      ds	1	; $10	 ---- ----   Reset Player 0
    105 U0011		       00	   RESP1      ds	1	; $11	 ---- ----   Reset Player 1
    106 U0012		       00	   RESM0      ds	1	; $12	 ---- ----   Reset Missle 0
    107 U0013		       00	   RESM1      ds	1	; $13	 ---- ----   Reset Missle 1
    108 U0014		       00	   RESBL      ds	1	; $14	 ---- ----   Reset Ball
    109 U0015		       00	   AUDC0      ds	1	; $15	 0000 xxxx   Audio Control 0
    110 U0016		       00	   AUDC1      ds	1	; $16	 0000 xxxx   Audio Control 1
    111 U0017		       00	   AUDF0      ds	1	; $17	 000x xxxx   Audio Frequency 0
    112 U0018		       00	   AUDF1      ds	1	; $18	 000x xxxx   Audio Frequency 1
    113 U0019		       00	   AUDV0      ds	1	; $19	 0000 xxxx   Audio Volume 0
    114 U001a		       00	   AUDV1      ds	1	; $1A	 0000 xxxx   Audio Volume 1
    115 U001b		       00	   GRP0       ds	1	; $1B	 xxxx xxxx   Graphics Register Player 0
    116 U001c		       00	   GRP1       ds	1	; $1C	 xxxx xxxx   Graphics Register Player 1
    117 U001d		       00	   ENAM0      ds	1	; $1D	 0000 00x0   Graphics Enable Missle 0
    118 U001e		       00	   ENAM1      ds	1	; $1E	 0000 00x0   Graphics Enable Missle 1
    119 U001f		       00	   ENABL      ds	1	; $1F	 0000 00x0   Graphics Enable Ball
    120 U0020		       00	   HMP0       ds	1	; $20	 xxxx 0000   Horizontal Motion Player 0
    121 U0021		       00	   HMP1       ds	1	; $21	 xxxx 0000   Horizontal Motion Player 1
    122 U0022		       00	   HMM0       ds	1	; $22	 xxxx 0000   Horizontal Motion Missle 0
    123 U0023		       00	   HMM1       ds	1	; $23	 xxxx 0000   Horizontal Motion Missle 1
    124 U0024		       00	   HMBL       ds	1	; $24	 xxxx 0000   Horizontal Motion Ball
    125 U0025		       00	   VDELP0     ds	1	; $25	 0000 000x   Vertical Delay Player 0
    126 U0026		       00	   VDELP1     ds	1	; $26	 0000 000x   Vertical Delay Player 1
    127 U0027		       00	   VDELBL     ds	1	; $27	 0000 000x   Vertical Delay Ball
    128 U0028		       00	   RESMP0     ds	1	; $28	 0000 00x0   Reset Missle 0 to Player 0
    129 U0029		       00	   RESMP1     ds	1	; $29	 0000 00x0   Reset Missle 1 to Player 1
    130 U002a		       00	   HMOVE      ds	1	; $2A	 ---- ----   Apply Horizontal Motion
    131 U002b		       00	   HMCLR      ds	1	; $2B	 ---- ----   Clear Horizontal Move Registers
    132 U002c		       00	   CXCLR      ds	1	; $2C	 ---- ----   Clear Collision Latches
    133 U002d
    134 U002d							;-------------------------------------------------------------------------------
    135 U002d
    136 U000e ????				      SEG.U	TIA_REGISTERS_READ
    137 U0000					      ORG	TIA_BASE_READ_ADDRESS
    138 U0000
    139 U0000							;											bit 7	 bit 6
    140 U0000		       00	   CXM0P      ds	1	; $00	     xx00 0000	     Read Collision  M0-P1   M0-P0
    141 U0001		       00	   CXM1P      ds	1	; $01	     xx00 0000			     M1-P0   M1-P1
    142 U0002		       00	   CXP0FB     ds	1	; $02	     xx00 0000			     P0-PF   P0-BL
    143 U0003		       00	   CXP1FB     ds	1	; $03	     xx00 0000			     P1-PF   P1-BL
    144 U0004		       00	   CXM0FB     ds	1	; $04	     xx00 0000			     M0-PF   M0-BL
    145 U0005		       00	   CXM1FB     ds	1	; $05	     xx00 0000			     M1-PF   M1-BL
    146 U0006		       00	   CXBLPF     ds	1	; $06	     x000 0000			     BL-PF   -----
    147 U0007		       00	   CXPPMM     ds	1	; $07	     xx00 0000			     P0-P1   M0-M1
    148 U0008		       00	   INPT0      ds	1	; $08	     x000 0000	     Read Pot Port 0
    149 U0009		       00	   INPT1      ds	1	; $09	     x000 0000	     Read Pot Port 1
    150 U000a		       00	   INPT2      ds	1	; $0A	     x000 0000	     Read Pot Port 2
    151 U000b		       00	   INPT3      ds	1	; $0B	     x000 0000	     Read Pot Port 3
    152 U000c		       00	   INPT4      ds	1	; $0C		x000 0000	 Read Input (Trigger) 0
    153 U000d		       00	   INPT5      ds	1	; $0D		x000 0000	 Read Input (Trigger) 1
    154 U000e
    155 U000e							;-------------------------------------------------------------------------------
    156 U000e
    157 U0298 ????				      SEG.U	RIOT
    158 U0280					      ORG	$280
    159 U0280
    160 U0280							; RIOT MEMORY MAP
    161 U0280
    162 U0280		       00	   SWCHA      ds	1	; $280      Port A data register for joysticks:
    163 U0281							;			Bits 4-7 for player 1.  Bits 0-3 for player 2.
    164 U0281
    165 U0281		       00	   SWACNT     ds	1	; $281      Port A data direction register (DDR)
    166 U0282		       00	   SWCHB      ds	1	; $282		Port B data (console switches)
    167 U0283		       00	   SWBCNT     ds	1	; $283      Port B DDR
    168 U0284		       00	   INTIM      ds	1	; $284		Timer output
    169 U0285
    170 U0285		       00	   TIMINT     ds	1	; $285
    171 U0286
    172 U0286							; Unused/undefined registers ($285-$294)
    173 U0286
    174 U0286		       00		      ds	1	; $286
    175 U0287		       00		      ds	1	; $287
    176 U0288		       00		      ds	1	; $288
    177 U0289		       00		      ds	1	; $289
    178 U028a		       00		      ds	1	; $28A
    179 U028b		       00		      ds	1	; $28B
    180 U028c		       00		      ds	1	; $28C
    181 U028d		       00		      ds	1	; $28D
    182 U028e		       00		      ds	1	; $28E
    183 U028f		       00		      ds	1	; $28F
    184 U0290		       00		      ds	1	; $290
    185 U0291		       00		      ds	1	; $291
    186 U0292		       00		      ds	1	; $292
    187 U0293		       00		      ds	1	; $293
    188 U0294
    189 U0294		       00	   TIM1T      ds	1	; $294		set 1 clock interval
    190 U0295		       00	   TIM8T      ds	1	; $295      set 8 clock interval
    191 U0296		       00	   TIM64T     ds	1	; $296      set 64 clock interval
    192 U0297		       00	   T1024T     ds	1	; $297      set 1024 clock interval
    193 U0298
    194 U0298							;-------------------------------------------------------------------------------
    195 U0298							; The following required for back-compatibility with code which does not use
    196 U0298							; segments.
    197 U0298
    198  0000 ????				      SEG
    199  0000 ????
    200  0000 ????						; EOF
------- FILE stan2600.asm
------- FILE macro.h LEVEL 2 PASS 3
      0  0000 ????				      include	"macro.h"
      1  0000 ????						; MACRO.H
      2  0000 ????						; Version 1.07, 19/January/2020
      3  0000 ????
      4  0000 ????	       00 6b	   VERSION_MACRO =	107
      5  0000 ????
      6  0000 ????						;
      7  0000 ????						; THIS FILE IS EXPLICITLY SUPPORTED AS A DASM-PREFERRED COMPANION FILE
      8  0000 ????						; PLEASE DO *NOT* REDISTRIBUTE MODIFIED VERSIONS OF THIS FILE!
      9  0000 ????						;
     10  0000 ????						; This file defines DASM macros useful for development for the Atari 2600.
     11  0000 ????						; It is distributed as a companion machine-specific support package
     12  0000 ????						; for the DASM compiler. Updates to this file, DASM, and associated tools are
     13  0000 ????						; available at at http://www.atari2600.org/dasm
     14  0000 ????						;
     15  0000 ????						; Many thanks to the people who have contributed.  If you take issue with the
     16  0000 ????						; contents, or would like to add something, please write to me
     17  0000 ????						; (atari2600@taswegian.com) with your contribution.
     18  0000 ????						;
     19  0000 ????						; Latest Revisions...
     20  0000 ????						; 1.07  19/JAN/2020	 - correction to comment VERTICAL_SYNC
     21  0000 ????						; 1.06  03/SEP/2004	 - nice revision of VERTICAL_SYNC (Edwin Blink)
     22  0000 ????						; 1.05  14/NOV/2003	 - Added VERSION_MACRO equate (which will reflect 100x version #)
     23  0000 ????						;			   This will allow conditional code to verify MACRO.H being
     24  0000 ????						;			   used for code assembly.
     25  0000 ????						; 1.04  13/NOV/2003	 - SET_POINTER macro added (16-bit address load)
     26  0000 ????						;
     27  0000 ????						; 1.03  23/JUN/2003	 - CLEAN_START macro added - clears TIA, RAM, registers
     28  0000 ????						;
     29  0000 ????						; 1.02  14/JUN/2003	 - VERTICAL_SYNC macro added
     30  0000 ????						;			   (standardised macro for vertical synch code)
     31  0000 ????						; 1.01  22/MAR/2003	 - SLEEP macro added.
     32  0000 ????						;			 - NO_ILLEGAL_OPCODES switch implemented
     33  0000 ????						; 1.0	22/MAR/2003		Initial release
     34  0000 ????
     35  0000 ????						; Note: These macros use illegal opcodes.  To disable illegal opcode usage,
     36  0000 ????						;   define the symbol NO_ILLEGAL_OPCODES (-DNO_ILLEGAL_OPCODES=1 on command-line).
     37  0000 ????						;   If you do not allow illegal opcode usage, you must include this file
     38  0000 ????						;   *after* including VCS.H (as the non-illegal opcodes access hardware
     39  0000 ????						;   registers and require them to be defined first).
     40  0000 ????
     41  0000 ????						; Available macros...
     42  0000 ????						;   SLEEP n		 - sleep for n cycles
     43  0000 ????						;   VERTICAL_SYNC	 - correct 3 scanline vertical synch code
     44  0000 ????						;   CLEAN_START	 - set machine to known state on startup
     45  0000 ????						;   SET_POINTER	 - load a 16-bit absolute to a 16-bit variable
     46  0000 ????
     47  0000 ????						;-------------------------------------------------------------------------------
     48  0000 ????						; SLEEP duration
     49  0000 ????						; Original author: Thomas Jentzsch
     50  0000 ????						; Inserts code which takes the specified number of cycles to execute.	This is
     51  0000 ????						; useful for code where precise timing is required.
     52  0000 ????						; ILLEGAL-OPCODE VERSION DOES NOT AFFECT FLAGS OR REGISTERS.
     53  0000 ????						; LEGAL OPCODE VERSION MAY AFFECT FLAGS
     54  0000 ????						; Uses illegal opcode (DASM 2.20.01 onwards).
     55  0000 ????
     56  0000 ????				      MAC	sleep
     57  0000 ????			   .CYCLES    SET	{1}
     58  0000 ????
     59  0000 ????				      IF	.CYCLES < 2
     60  0000 ????				      ECHO	"MACRO ERROR: 'SLEEP': Duration must be > 1"
     61  0000 ????				      ERR
     62  0000 ????				      ENDIF
     63  0000 ????
     64  0000 ????				      IF	.CYCLES & 1
     65  0000 ????				      IFNCONST	NO_ILLEGAL_OPCODES
     66  0000 ????				      nop	0
     67  0000 ????				      ELSE
     68  0000 ????				      bit	VSYNC
     69  0000 ????				      ENDIF
     70  0000 ????			   .CYCLES    SET	.CYCLES - 3
     71  0000 ????				      ENDIF
     72  0000 ????
     73  0000 ????				      REPEAT	.CYCLES / 2
     74  0000 ????				      nop
     75  0000 ????				      REPEND
     76  0000 ????				      ENDM		;usage: SLEEP n (n>1)
     77  0000 ????
     78  0000 ????						;-------------------------------------------------------------------------------
     79  0000 ????						; VERTICAL_SYNC
     80  0000 ????						; revised version by Edwin Blink -- saves bytes!
     81  0000 ????						; Inserts the code required for a proper 3 scanline vertical sync sequence
     82  0000 ????						; Note: Alters the accumulator
     83  0000 ????
     84  0000 ????						; OUT: A = 0
     85  0000 ????
     86  0000 ????				      MAC	vertical_sync
     87  0000 ????				      lda	#%1110	; each '1' bits generate a VSYNC ON line (bits 1..3)
     88  0000 ????			   .VSLP1     sta	WSYNC	; 1st '0' bit resets Vsync, 2nd '0' bit exit loop
     89  0000 ????				      sta	VSYNC
     90  0000 ????				      lsr
     91  0000 ????				      bne	.VSLP1	; branch until VYSNC has been reset
     92  0000 ????				      ENDM
     93  0000 ????
     94  0000 ????						;-------------------------------------------------------------------------------
     95  0000 ????						; CLEAN_START
     96  0000 ????						; Original author: Andrew Davie
     97  0000 ????						; Standardised start-up code, clears stack, all TIA registers and RAM to 0
     98  0000 ????						; Sets stack pointer to $FF, and all registers to 0
     99  0000 ????						; Sets decimal mode off, sets interrupt flag (kind of un-necessary)
    100  0000 ????						; Use as very first section of code on boot (ie: at reset)
    101  0000 ????						; Code written to minimise total ROM usage - uses weird 6502 knowledge :)
    102  0000 ????
    103  0000 ????				      MAC	clean_start
    104  0000 ????				      sei
    105  0000 ????				      cld
    106  0000 ????
    107  0000 ????				      ldx	#0
    108  0000 ????				      txa
    109  0000 ????				      tay
    110  0000 ????			   .CLEAR_STACK dex
    111  0000 ????				      txs
    112  0000 ????				      pha
    113  0000 ????				      bne	.CLEAR_STACK	; SP=$FF, X = A = Y = 0
    114  0000 ????
    115  0000 ????				      ENDM
    116  0000 ????
    117  0000 ????						;-------------------------------------------------------
    118  0000 ????						; SET_POINTER
    119  0000 ????						; Original author: Manuel Rotschkar
    120  0000 ????						;
    121  0000 ????						; Sets a 2 byte RAM pointer to an absolute address.
    122  0000 ????						;
    123  0000 ????						; Usage: SET_POINTER pointer, address
    124  0000 ????						; Example: SET_POINTER SpritePTR, SpriteData
    125  0000 ????						;
    126  0000 ????						; Note: Alters the accumulator, NZ flags
    127  0000 ????						; IN 1: 2 byte RAM location reserved for pointer
    128  0000 ????						; IN 2: absolute address
    129  0000 ????
    130  0000 ????				      MAC	set_pointer
    131  0000 ????			   .POINTER   SET	{1}
    132  0000 ????			   .ADDRESS   SET	{2}
    133  0000 ????
    134  0000 ????				      LDA	#<.ADDRESS	; Get Lowbyte of Address
    135  0000 ????				      STA	.POINTER	; Store in pointer
    136  0000 ????				      LDA	#>.ADDRESS	; Get Hibyte of Address
    137  0000 ????				      STA	.POINTER+1	; Store in pointer+1
    138  0000 ????
    139  0000 ????				      ENDM
    140  0000 ????
    141  0000 ????						;-------------------------------------------------------
    142  0000 ????						; BOUNDARY byte#
    143  0000 ????						; Original author: Denis Debro (borrowed from Bob Smith / Thomas)
    144  0000 ????						;
    145  0000 ????						; Push data to a certain position inside a page and keep count of how
    146  0000 ????						; many free bytes the programmer will have.
    147  0000 ????						;
    148  0000 ????						; eg: BOUNDARY 5    ; position at byte #5 in page
    149  0000 ????
    150  0000 ????			   .FREE_BYTES SET	0
    151  0000 ????				      MAC	boundary
    152  0000 ????				      REPEAT	256
    153  0000 ????				      IF	<. % {1} = 0
    154  0000 ????				      MEXIT
    155  0000 ????				      ELSE
    156  0000 ????			   .FREE_BYTES SET	.FREE_BYTES + 1
    157  0000 ????				      .byte	$00
    158  0000 ????				      ENDIF
    159  0000 ????				      REPEND
    160  0000 ????				      ENDM
    161  0000 ????
    162  0000 ????
    163  0000 ????						; EOF
------- FILE stan2600.asm
      8  0000 ????
      9  0000 ????						;;;;;;;;;;;;;;;;;;;;;;;;;;;;;;;;;;;;;;;;;;;;;;;;;;;;;;;;;;;;;;;;;;;;;;;;;;;;;;;
     10  0000 ????						;; Declare the variables starting from memory address $80
     11  0000 ????						;;;;;;;;;;;;;;;;;;;;;;;;;;;;;;;;;;;;;;;;;;;;;;;;;;;;;;;;;;;;;;;;;;;;;;;;;;;;;;;
     12 U008d ????				      seg.u	Variables
     13 U0080					      org	$80
     14 U0080
     15 U0080		       00	   StanXPos   byte.b		; player0 x-position
     16 U0081		       00	   StanYPos   byte.b		; player0 y-position
     17 U0082		       00	   GuyXPos    byte.b		; player1 x-position
     18 U0083		       00	   GuyYPos    byte.b		; player1 y-position
     19 U0084		       00 00	   StanSpritePtr word.w		; pointer to player0 sprite lookup table
     20 U0086		       00 00	   StanColorPtr word.w		; pointer to player0 color lookup table
     21 U0088		       00 00	   GuySpritePtr word.w		; pointer to player1 sprite lookup table
     22 U008a		       00 00	   GuyColorPtr word.w		; pointer to player1 sprite lookup table
     23 U008c		       00	   StanAnimOffset byte.b		; player0 sprite animation frame offset
     24 U008d
     25 U008d							;;;;;;;;;;;;;;;;;;;;;;;;;;;;;;;;;;;;;;;;;;;;;;;;;;;;;;;;;;;;;;;;;;;;;;;;;;;;;;;
     26 U008d							;; Define constants
     27 U008d							;;;;;;;;;;;;;;;;;;;;;;;;;;;;;;;;;;;;;;;;;;;;;;;;;;;;;;;;;;;;;;;;;;;;;;;;;;;;;;;
     28 U008d		       00 09	   STAN_HEIGHT =	9	; player0 sprite height (# rows in lookup table)
     29 U008d		       00 09	   GUY_HEIGHT =	9	; player1 sprite height (# rows in lookup table)
     30 U008d
     31 U008d							;;;;;;;;;;;;;;;;;;;;;;;;;;;;;;;;;;;;;;;;;;;;;;;;;;;;;;;;;;;;;;;;;;;;;;;;;;;;;;;
     32 U008d							;; Start our ROM code at memory address $F000
     33 U008d							;;;;;;;;;;;;;;;;;;;;;;;;;;;;;;;;;;;;;;;;;;;;;;;;;;;;;;;;;;;;;;;;;;;;;;;;;;;;;;;
     34  10000 ????				       seg	Code
     35  f000					      org	$F000
     36  f000
     37  f000				   Reset
      0  f000					      CLEAN_START		; call macro to reset memory and registers
      1  f000		       78		      sei
      2  f001		       d8		      cld
      3  f002
      4  f002		       a2 00		      ldx	#0
      5  f004		       8a		      txa
      6  f005		       a8		      tay
      7  f006		       ca	   .CLEAR_STACK dex
      8  f007		       9a		      txs
      9  f008		       48		      pha
     10  f009		       d0 fb		      bne	.CLEAR_STACK
     11  f00b
     39  f00b
     40  f00b							;;;;;;;;;;;;;;;;;;;;;;;;;;;;;;;;;;;;;;;;;;;;;;;;;;;;;;;;;;;;;;;;;;;;;;;;;;;;;;;
     41  f00b							;; Initialize the pointers to the correct lookup table adresses
     42  f00b							;;;;;;;;;;;;;;;;;;;;;;;;;;;;;;;;;;;;;;;;;;;;;;;;;;;;;;;;;;;;;;;;;;;;;;;;;;;;;;;
     43  f00b		       a9 00		      lda	#<StanSprite
     44  f00d		       85 84		      sta	StanSpritePtr	; lo-byte pointer for Stan sprite lookup table
     45  f00f		       a9 00		      lda	#>StanSprite
     46  f011		       85 85		      sta	StanSpritePtr+1	; hi-byte pointer for Stan sprite lookup table
     47  f013
     48  f013		       a9 00		      lda	#<StanColor
     49  f015		       85 86		      sta	StanColorPtr	; lo-byte pointer for Stan color lookup table
     50  f017		       a9 00		      lda	#>StanColor
     51  f019		       85 87		      sta	StanColorPtr+1	; hi-byte pointer for Stan color lookup table
     52  f01b
     53  f01b		       a9 00		      lda	#<GuySprite
     54  f01d		       85 88		      sta	GuySpritePtr	; lo-byte pointer for Guy sprite lookup table
     55  f01f		       a9 00		      lda	#>GuySprite
     56  f021		       85 89		      sta	GuySpritePtr+1	; hi-byte pointer for Guy sprite lookup table
     57  f023
     58  f023		       a9 00		      lda	#<GuyColor
     59  f025		       85 8a		      sta	GuyColorPtr	; lo-byte pointer for Guy color lookup table
     60  f027		       a9 00		      lda	#>GuyColor
     61  f029		       85 8b		      sta	GuyColorPtr+1	; hi-byte pointer for Guy color lookup table
     62  f02b
     63  f02b							;;;;;;;;;;;;;;;;;;;;;;;;;;;;;;;;;;;;;;;;;;;;;;;;;;;;;;;;;;;;;;;;;;;;;;;;;;;;;;;
     64  f02b							;; Start the main display loop and frame rendering
     65  f02b							;;;;;;;;;;;;;;;;;;;;;;;;;;;;;;;;;;;;;;;;;;;;;;;;;;;;;;;;;;;;;;;;;;;;;;;;;;;;;;;
     66  f02b				   StartFrame
     67  f02b
     68  f02b							;;;;;;;;;;;;;;;;;;;;;;;;;;;;;;;;;;;;;;;;;;;;;;;;;;;;;;;;;;;;;;;;;;;;;;;;;;;;;;;
     69  f02b							;; Display VSYNC and VBLANK
     70  f02b							;;;;;;;;;;;;;;;;;;;;;;;;;;;;;;;;;;;;;;;;;;;;;;;;;;;;;;;;;;;;;;;;;;;;;;;;;;;;;;;
     71  f02b		       a9 02		      lda	#2
     72  f02d		       85 01		      sta	VBLANK	; turn on VBLANK
     73  f02f		       85 00		      sta	VSYNC	; turn on VSYNC
     74  f031					      REPEAT	3
     75  f031		       85 02		      sta	WSYNC	; display 3 recommended lines of VSYNC
     74  f031					      REPEND
     75  f033		       85 02		      sta	WSYNC	; display 3 recommended lines of VSYNC
     74  f033					      REPEND
     75  f035		       85 02		      sta	WSYNC	; display 3 recommended lines of VSYNC
     76  f037					      REPEND
     77  f037		       a9 00		      lda	#0
     78  f039		       85 00		      sta	VSYNC	; turn off VSYNC
     79  f03b					      REPEAT	37
     80  f03b		       85 02		      sta	WSYNC	; display the 37 recommended lines of VBLANK
     79  f03b					      REPEND
     80  f03d		       85 02		      sta	WSYNC	; display the 37 recommended lines of VBLANK
     79  f03d					      REPEND
     80  f03f		       85 02		      sta	WSYNC	; display the 37 recommended lines of VBLANK
     79  f03f					      REPEND
     80  f041		       85 02		      sta	WSYNC	; display the 37 recommended lines of VBLANK
     79  f041					      REPEND
     80  f043		       85 02		      sta	WSYNC	; display the 37 recommended lines of VBLANK
     79  f043					      REPEND
     80  f045		       85 02		      sta	WSYNC	; display the 37 recommended lines of VBLANK
     79  f045					      REPEND
     80  f047		       85 02		      sta	WSYNC	; display the 37 recommended lines of VBLANK
     79  f047					      REPEND
     80  f049		       85 02		      sta	WSYNC	; display the 37 recommended lines of VBLANK
     79  f049					      REPEND
     80  f04b		       85 02		      sta	WSYNC	; display the 37 recommended lines of VBLANK
     79  f04b					      REPEND
     80  f04d		       85 02		      sta	WSYNC	; display the 37 recommended lines of VBLANK
     79  f04d					      REPEND
     80  f04f		       85 02		      sta	WSYNC	; display the 37 recommended lines of VBLANK
     79  f04f					      REPEND
     80  f051		       85 02		      sta	WSYNC	; display the 37 recommended lines of VBLANK
     79  f051					      REPEND
     80  f053		       85 02		      sta	WSYNC	; display the 37 recommended lines of VBLANK
     79  f053					      REPEND
     80  f055		       85 02		      sta	WSYNC	; display the 37 recommended lines of VBLANK
     79  f055					      REPEND
     80  f057		       85 02		      sta	WSYNC	; display the 37 recommended lines of VBLANK
     79  f057					      REPEND
     80  f059		       85 02		      sta	WSYNC	; display the 37 recommended lines of VBLANK
     79  f059					      REPEND
     80  f05b		       85 02		      sta	WSYNC	; display the 37 recommended lines of VBLANK
     79  f05b					      REPEND
     80  f05d		       85 02		      sta	WSYNC	; display the 37 recommended lines of VBLANK
     79  f05d					      REPEND
     80  f05f		       85 02		      sta	WSYNC	; display the 37 recommended lines of VBLANK
     79  f05f					      REPEND
     80  f061		       85 02		      sta	WSYNC	; display the 37 recommended lines of VBLANK
     79  f061					      REPEND
     80  f063		       85 02		      sta	WSYNC	; display the 37 recommended lines of VBLANK
     79  f063					      REPEND
     80  f065		       85 02		      sta	WSYNC	; display the 37 recommended lines of VBLANK
     79  f065					      REPEND
     80  f067		       85 02		      sta	WSYNC	; display the 37 recommended lines of VBLANK
     79  f067					      REPEND
     80  f069		       85 02		      sta	WSYNC	; display the 37 recommended lines of VBLANK
     79  f069					      REPEND
     80  f06b		       85 02		      sta	WSYNC	; display the 37 recommended lines of VBLANK
     79  f06b					      REPEND
     80  f06d		       85 02		      sta	WSYNC	; display the 37 recommended lines of VBLANK
     79  f06d					      REPEND
     80  f06f		       85 02		      sta	WSYNC	; display the 37 recommended lines of VBLANK
     79  f06f					      REPEND
     80  f071		       85 02		      sta	WSYNC	; display the 37 recommended lines of VBLANK
     79  f071					      REPEND
     80  f073		       85 02		      sta	WSYNC	; display the 37 recommended lines of VBLANK
     79  f073					      REPEND
     80  f075		       85 02		      sta	WSYNC	; display the 37 recommended lines of VBLANK
     79  f075					      REPEND
     80  f077		       85 02		      sta	WSYNC	; display the 37 recommended lines of VBLANK
     79  f077					      REPEND
     80  f079		       85 02		      sta	WSYNC	; display the 37 recommended lines of VBLANK
     79  f079					      REPEND
     80  f07b		       85 02		      sta	WSYNC	; display the 37 recommended lines of VBLANK
     79  f07b					      REPEND
     80  f07d		       85 02		      sta	WSYNC	; display the 37 recommended lines of VBLANK
     79  f07d					      REPEND
     80  f07f		       85 02		      sta	WSYNC	; display the 37 recommended lines of VBLANK
     79  f07f					      REPEND
     80  f081		       85 02		      sta	WSYNC	; display the 37 recommended lines of VBLANK
     79  f081					      REPEND
     80  f083		       85 02		      sta	WSYNC	; display the 37 recommended lines of VBLANK
     81  f085					      REPEND
     82  f085		       85 01		      sta	VBLANK	; turn off VBLANK
     83  f087
     84  f087							;;;;;;;;;;;;;;;;;;;;;;;;;;;;;;;;;;;;;;;;;;;;;;;;;;;;;;;;;;;;;;;;;;;;;;;;;;;;;;;
     85  f087							;; Display Overscan
     86  f087							;;;;;;;;;;;;;;;;;;;;;;;;;;;;;;;;;;;;;;;;;;;;;;;;;;;;;;;;;;;;;;;;;;;;;;;;;;;;;;;
     87  f087		       a9 02		      lda	#2
     88  f089		       85 01		      sta	VBLANK	; turn on VBLANK again
     89  f08b					      REPEAT	30
     90  f08b		       85 02		      sta	WSYNC	; display 30 recommended lines of VBlank Overscan
     89  f08b					      REPEND
     90  f08d		       85 02		      sta	WSYNC	; display 30 recommended lines of VBlank Overscan
     89  f08d					      REPEND
     90  f08f		       85 02		      sta	WSYNC	; display 30 recommended lines of VBlank Overscan
     89  f08f					      REPEND
     90  f091		       85 02		      sta	WSYNC	; display 30 recommended lines of VBlank Overscan
     89  f091					      REPEND
     90  f093		       85 02		      sta	WSYNC	; display 30 recommended lines of VBlank Overscan
     89  f093					      REPEND
     90  f095		       85 02		      sta	WSYNC	; display 30 recommended lines of VBlank Overscan
     89  f095					      REPEND
     90  f097		       85 02		      sta	WSYNC	; display 30 recommended lines of VBlank Overscan
     89  f097					      REPEND
     90  f099		       85 02		      sta	WSYNC	; display 30 recommended lines of VBlank Overscan
     89  f099					      REPEND
     90  f09b		       85 02		      sta	WSYNC	; display 30 recommended lines of VBlank Overscan
     89  f09b					      REPEND
     90  f09d		       85 02		      sta	WSYNC	; display 30 recommended lines of VBlank Overscan
     89  f09d					      REPEND
     90  f09f		       85 02		      sta	WSYNC	; display 30 recommended lines of VBlank Overscan
     89  f09f					      REPEND
     90  f0a1		       85 02		      sta	WSYNC	; display 30 recommended lines of VBlank Overscan
     89  f0a1					      REPEND
     90  f0a3		       85 02		      sta	WSYNC	; display 30 recommended lines of VBlank Overscan
     89  f0a3					      REPEND
     90  f0a5		       85 02		      sta	WSYNC	; display 30 recommended lines of VBlank Overscan
     89  f0a5					      REPEND
     90  f0a7		       85 02		      sta	WSYNC	; display 30 recommended lines of VBlank Overscan
     89  f0a7					      REPEND
     90  f0a9		       85 02		      sta	WSYNC	; display 30 recommended lines of VBlank Overscan
     89  f0a9					      REPEND
     90  f0ab		       85 02		      sta	WSYNC	; display 30 recommended lines of VBlank Overscan
     89  f0ab					      REPEND
     90  f0ad		       85 02		      sta	WSYNC	; display 30 recommended lines of VBlank Overscan
     89  f0ad					      REPEND
     90  f0af		       85 02		      sta	WSYNC	; display 30 recommended lines of VBlank Overscan
     89  f0af					      REPEND
     90  f0b1		       85 02		      sta	WSYNC	; display 30 recommended lines of VBlank Overscan
     89  f0b1					      REPEND
     90  f0b3		       85 02		      sta	WSYNC	; display 30 recommended lines of VBlank Overscan
     89  f0b3					      REPEND
     90  f0b5		       85 02		      sta	WSYNC	; display 30 recommended lines of VBlank Overscan
     89  f0b5					      REPEND
     90  f0b7		       85 02		      sta	WSYNC	; display 30 recommended lines of VBlank Overscan
     89  f0b7					      REPEND
     90  f0b9		       85 02		      sta	WSYNC	; display 30 recommended lines of VBlank Overscan
     89  f0b9					      REPEND
     90  f0bb		       85 02		      sta	WSYNC	; display 30 recommended lines of VBlank Overscan
     89  f0bb					      REPEND
     90  f0bd		       85 02		      sta	WSYNC	; display 30 recommended lines of VBlank Overscan
     89  f0bd					      REPEND
     90  f0bf		       85 02		      sta	WSYNC	; display 30 recommended lines of VBlank Overscan
     89  f0bf					      REPEND
     90  f0c1		       85 02		      sta	WSYNC	; display 30 recommended lines of VBlank Overscan
     89  f0c1					      REPEND
     90  f0c3		       85 02		      sta	WSYNC	; display 30 recommended lines of VBlank Overscan
     89  f0c3					      REPEND
     90  f0c5		       85 02		      sta	WSYNC	; display 30 recommended lines of VBlank Overscan
     91  f0c7					      REPEND
     92  f0c7		       a9 00		      lda	#0
     93  f0c9		       85 01		      sta	VBLANK	; turn off VBLANK
     94  f0cb
     95  f0cb							;;;;;;;;;;;;;;;;;;;;;;;;;;;;;;;;;;;;;;;;;;;;;;;;;;;;;;;;;;;;;;;;;;;;;;;;;;;;;;;
     96  f0cb							;; Process joystick input for player0 up/down/left/right
     97  f0cb							;;;;;;;;;;;;;;;;;;;;;;;;;;;;;;;;;;;;;;;;;;;;;;;;;;;;;;;;;;;;;;;;;;;;;;;;;;;;;;;
     98  f0cb				   CheckP0Up
     99  f0cb		       a9 10		      lda	#%00010000	; player 0 joystick up
    100  f0cd		       2c 80 02 	      bit	SWCHA
    101  f0d0		       d0 06		      bne	CheckP0Down	; if bit pattern doesnt match, bypass P0Up block
    102  f0d2		       e6 81		      inc	StanYPos	; else, increment Stan y-position
    103  f0d4		       a9 00		      lda	#0
    104  f0d6		       85 8c		      sta	StanAnimOffset	; and set Stan animation frame to zero
    105  f0d8
    106  f0d8				   CheckP0Down
    107  f0d8		       a9 20		      lda	#%00100000	; player 0 joystick up
    108  f0da		       2c 80 02 	      bit	SWCHA
    109  f0dd		       d0 06		      bne	CheckP0Left	; if bit pattern doesnt match, bypass P0Down block
    110  f0df		       c6 81		      dec	StanYPos	; else, decrement Stan y-position
    111  f0e1		       a9 00		      lda	#0
    112  f0e3		       85 8c		      sta	StanAnimOffset	; and set Stan animation frame to zero
    113  f0e5
    114  f0e5				   CheckP0Left
    115  f0e5		       a9 40		      lda	#%01000000	; player 0 joystick left
    116  f0e7		       2c 80 02 	      bit	SWCHA
    117  f0ea		       d0 06		      bne	CheckP0Right	; if bit pattern doesnt match, bypass P0Left block
    118  f0ec		       c6 80		      dec	StanXPos	; else, increment Stan x-position
    119  f0ee		       a5 09		      lda	STAN_HEIGHT
    120  f0f0		       85 8c		      sta	StanAnimOffset	; and set new offset to display second frame (+9)
    121  f0f2
    122  f0f2				   CheckP0Right
    123  f0f2		       a9 80		      lda	#%10000000	; player 0 joystick right
    124  f0f4		       2c 80 02 	      bit	SWCHA
    125  f0f7		       d0 06		      bne	EndInputCheck	; if bit pattern doesnt match, bypass P0Right block
    126  f0f9		       e6 80		      inc	StanXPos	; else, increment Stan x-position
    127  f0fb		       a5 09		      lda	STAN_HEIGHT
    128  f0fd		       85 8c		      sta	StanAnimOffset	; and set new offset to display second frame (+9)
    129  f0ff
    130  f0ff				   EndInputCheck		; fallback when no input was performed
    131  f0ff
    132  f0ff							;;;;;;;;;;;;;;;;;;;;;;;;;;;;;;;;;;;;;;;;;;;;;;;;;;;;;;;;;;;;;;;;;;;;;;;;;;;;;;;
    133  f0ff							;; Loop back to start a brand new frame
    134  f0ff							;;;;;;;;;;;;;;;;;;;;;;;;;;;;;;;;;;;;;;;;;;;;;;;;;;;;;;;;;;;;;;;;;;;;;;;;;;;;;;;
    135  f0ff		       4c 2b f0 	      jmp	StartFrame	; continue to display the next frame
    136  f102
    137  f102							;;;;;;;;;;;;;;;;;;;;;;;;;;;;;;;;;;;;;;;;;;;;;;;;;;;;;;;;;;;;;;;;;;;;;;;;;;;;;;;
    138  f102							;; Subroutine to handle object horizontal position with fine offset
    139  f102							;;;;;;;;;;;;;;;;;;;;;;;;;;;;;;;;;;;;;;;;;;;;;;;;;;;;;;;;;;;;;;;;;;;;;;;;;;;;;;;
    140  f102							;; A is the target x-coordinate position in pixels of our object
    141  f102							;; Y is the object type (0:player0, 1:player1, 2:missile0, 3:missile1, 4:ball)
    142  f102							;;;;;;;;;;;;;;;;;;;;;;;;;;;;;;;;;;;;;;;;;;;;;;;;;;;;;;;;;;;;;;;;;;;;;;;;;;;;;;;
    143  f102				   SetObjectXPos subroutine
    144  f102		       85 02		      sta	WSYNC	; start a fresh new scanline
    145  f104		       38		      sec		; make sure carry-flag is set before subtracion
    146  f105				   .Div15Loop
    147  f105		       e9 0f		      sbc	#15	; subtract 15 from accumulator
    148  f107		       b0 fc		      bcs	.Div15Loop	; loop until carry-flag is clear
    149  f109		       49 07		      eor	#7	; handle offset range from -8 to 7
    150  f10b		       0a		      asl
    151  f10c		       0a		      asl
    152  f10d		       0a		      asl
    153  f10e		       0a		      asl		; four shift lefts to get only the top 4 bits
    154  f10f		       99 20 00 	      sta	HMP0,Y	; store the fine offset to the correct HMxx
    155  f112		       99 10 00 	      sta	RESP0,Y	; fix object position in 15-step increment
    156  f115		       60		      rts
    157  f116
    158  f116							;;;;;;;;;;;;;;;;;;;;;;;;;;;;;;;;;;;;;;;;;;;;;;;;;;;;;;;;;;;;;;;;;;;;;;;;;;;;;;;
    159  f116							;; Declare ROM lookup tables
    160  f116							;;;;;;;;;;;;;;;;;;;;;;;;;;;;;;;;;;;;;;;;;;;;;;;;;;;;;;;;;;;;;;;;;;;;;;;;;;;;;;;
    161  f116
    162  f116							;;;;;;;;;;;;;;;;;;;;;;;;;;;;;;;;;;;;;;;;;;;;;;;;;;;;;;;;;;;;;;;;;;;;;;;;;;;;;;;
    163  f116							;; Complete ROM size with exactly 4KB
    164  f116							;;;;;;;;;;;;;;;;;;;;;;;;;;;;;;;;;;;;;;;;;;;;;;;;;;;;;;;;;;;;;;;;;;;;;;;;;;;;;;;
    165  fffc					      org	$FFFC	; move to position $FFFC
    166  fffc		       00 f0		      word.w	Reset	; write 2 bytes with the program reset address
    167  fffe		       00 f0		      word.w	Reset	; write 2 bytes with the interruption vector
